<?xml version="1.0" encoding="UTF-8"?>
<testng-results ignored="0" total="3" passed="3" failed="0" skipped="0">
  <reporter-output>
  </reporter-output>
  <suite started-at="2022-08-18T18:45:27 IST" name="Default suite" finished-at="2022-08-18T18:45:53 IST" duration-ms="25843">
    <groups>
    </groups>
    <test started-at="2022-08-18T18:45:27 IST" name="Default test" finished-at="2022-08-18T18:45:53 IST" duration-ms="25843">
      <class name="regression.TestOut">
        <test-method is-config="true" signature="setUp()[pri:0, instance:regression.TestOut@57a48985]" started-at="2022-08-18T18:45:28 IST" name="setUp" finished-at="2022-08-18T18:45:36 IST" duration-ms="7514" status="PASS">
          <reporter-output>
          </reporter-output>
        </test-method> <!-- setUp -->
        <test-method signature="doto(java.lang.String,java.lang.String)[pri:0, instance:regression.TestOut@57a48985]" started-at="2022-08-18T18:45:36 IST" name="doto" data-provider="getMe" finished-at="2022-08-18T18:45:36 IST" duration-ms="715" status="PASS">
          <params>
            <param index="0">
              <value>
                <![CDATA[govardhan]]>
              </value>
            </param>
            <param index="1">
              <value>
                <![CDATA[govardhank]]>
              </value>
            </param>
          </params>
          <reporter-output>
          </reporter-output>
        </test-method> <!-- doto -->
        <test-method is-config="true" signature="tearDown()[pri:0, instance:regression.TestOut@57a48985]" started-at="2022-08-18T18:45:37 IST" name="tearDown" finished-at="2022-08-18T18:45:37 IST" duration-ms="2" status="PASS">
          <reporter-output>
          </reporter-output>
        </test-method> <!-- tearDown -->
        <test-method is-config="true" signature="setUp()[pri:0, instance:regression.TestOut@57a48985]" started-at="2022-08-18T18:45:37 IST" name="setUp" finished-at="2022-08-18T18:45:47 IST" duration-ms="10393" status="PASS">
          <reporter-output>
          </reporter-output>
        </test-method> <!-- setUp -->
        <test-method signature="doto(java.lang.String,java.lang.String)[pri:0, instance:regression.TestOut@57a48985]" started-at="2022-08-18T18:45:47 IST" name="doto" data-provider="getMe" finished-at="2022-08-18T18:45:48 IST" duration-ms="1194" status="PASS">
          <params>
            <param index="0">
              <value>
                <![CDATA[govardhan8]]>
              </value>
            </param>
            <param index="1">
              <value>
                <![CDATA[KGreddy88]]>
              </value>
            </param>
          </params>
          <reporter-output>
          </reporter-output>
        </test-method> <!-- doto -->
        <test-method is-config="true" signature="tearDown()[pri:0, instance:regression.TestOut@57a48985]" started-at="2022-08-18T18:45:48 IST" name="tearDown" finished-at="2022-08-18T18:45:48 IST" duration-ms="2" status="PASS">
          <reporter-output>
          </reporter-output>
        </test-method> <!-- tearDown -->
        <test-method is-config="true" signature="setUp()[pri:0, instance:regression.TestOut@57a48985]" started-at="2022-08-18T18:45:48 IST" name="setUp" finished-at="2022-08-18T18:45:52 IST" duration-ms="3929" status="PASS">
          <reporter-output>
          </reporter-output>
        </test-method> <!-- setUp -->
        <test-method signature="doto(java.lang.String,java.lang.String)[pri:0, instance:regression.TestOut@57a48985]" started-at="2022-08-18T18:45:52 IST" name="doto" data-provider="getMe" finished-at="2022-08-18T18:45:53 IST" duration-ms="590" status="PASS">
          <params>
            <param index="0">
              <value>
                <![CDATA[govardhank]]>
              </value>
            </param>
            <param index="1">
              <value>
                <![CDATA[gova1234]]>
              </value>
            </param>
          </params>
          <reporter-output>
          </reporter-output>
        </test-method> <!-- doto -->
        <test-method is-config="true" signature="tearDown()[pri:0, instance:regression.TestOut@57a48985]" started-at="2022-08-18T18:45:53 IST" name="tearDown" finished-at="2022-08-18T18:45:53 IST" duration-ms="3" status="PASS">
          <reporter-output>
          </reporter-output>
        </test-method> <!-- tearDown -->
      </class> <!-- regression.TestOut -->
    </test> <!-- Default test -->
  </suite> <!-- Default suite -->
</testng-results>
