<?xml version="1.0" encoding="UTF-8"?>
<testng-results ignored="0" total="3" passed="3" failed="0" skipped="0">
  <reporter-output>
  </reporter-output>
  <suite started-at="2022-09-07T09:35:11 IST" name="FirstTest" finished-at="2022-09-07T09:35:37 IST" duration-ms="25512">
    <groups>
    </groups>
    <test started-at="2022-09-07T09:35:11 IST" name="onetest" finished-at="2022-09-07T09:35:37 IST" duration-ms="25512">
      <class name="testout.OutPut">
        <test-method is-config="true" signature="setUp()[pri:0, instance:testout.OutPut@4c4f4365]" started-at="2022-09-07T09:35:13 IST" name="setUp" finished-at="2022-09-07T09:35:26 IST" duration-ms="12832" status="PASS">
          <reporter-output>
          </reporter-output>
        </test-method> <!-- setUp -->
        <test-method signature="startMe(java.lang.String,java.lang.String)[pri:0, instance:testout.OutPut@4c4f4365]" started-at="2022-09-07T09:35:26 IST" name="startMe" data-provider="getme" finished-at="2022-09-07T09:35:27 IST" duration-ms="668" status="PASS">
          <params>
            <param index="0">
              <value>
                <![CDATA[govardhan]]>
              </value>
            </param>
            <param index="1">
              <value>
                <![CDATA[govardhank]]>
              </value>
            </param>
          </params>
          <reporter-output>
          </reporter-output>
        </test-method> <!-- startMe -->
        <test-method is-config="true" signature="tearDown()[pri:0, instance:testout.OutPut@4c4f4365]" started-at="2022-09-07T09:35:27 IST" name="tearDown" finished-at="2022-09-07T09:35:27 IST" duration-ms="134" status="PASS">
          <reporter-output>
          </reporter-output>
        </test-method> <!-- tearDown -->
        <test-method is-config="true" signature="setUp()[pri:0, instance:testout.OutPut@4c4f4365]" started-at="2022-09-07T09:35:27 IST" name="setUp" finished-at="2022-09-07T09:35:31 IST" duration-ms="3996" status="PASS">
          <reporter-output>
          </reporter-output>
        </test-method> <!-- setUp -->
        <test-method signature="startMe(java.lang.String,java.lang.String)[pri:0, instance:testout.OutPut@4c4f4365]" started-at="2022-09-07T09:35:31 IST" name="startMe" data-provider="getme" finished-at="2022-09-07T09:35:32 IST" duration-ms="1157" status="PASS">
          <params>
            <param index="0">
              <value>
                <![CDATA[govardhan8]]>
              </value>
            </param>
            <param index="1">
              <value>
                <![CDATA[KGreddy88]]>
              </value>
            </param>
          </params>
          <reporter-output>
          </reporter-output>
        </test-method> <!-- startMe -->
        <test-method is-config="true" signature="tearDown()[pri:0, instance:testout.OutPut@4c4f4365]" started-at="2022-09-07T09:35:32 IST" name="tearDown" finished-at="2022-09-07T09:35:32 IST" duration-ms="137" status="PASS">
          <reporter-output>
          </reporter-output>
        </test-method> <!-- tearDown -->
        <test-method is-config="true" signature="setUp()[pri:0, instance:testout.OutPut@4c4f4365]" started-at="2022-09-07T09:35:32 IST" name="setUp" finished-at="2022-09-07T09:35:36 IST" duration-ms="3720" status="PASS">
          <reporter-output>
          </reporter-output>
        </test-method> <!-- setUp -->
        <test-method signature="startMe(java.lang.String,java.lang.String)[pri:0, instance:testout.OutPut@4c4f4365]" started-at="2022-09-07T09:35:36 IST" name="startMe" data-provider="getme" finished-at="2022-09-07T09:35:36 IST" duration-ms="471" status="PASS">
          <params>
            <param index="0">
              <value>
                <![CDATA[govardhank]]>
              </value>
            </param>
            <param index="1">
              <value>
                <![CDATA[gova1234]]>
              </value>
            </param>
          </params>
          <reporter-output>
          </reporter-output>
        </test-method> <!-- startMe -->
        <test-method is-config="true" signature="tearDown()[pri:0, instance:testout.OutPut@4c4f4365]" started-at="2022-09-07T09:35:36 IST" name="tearDown" finished-at="2022-09-07T09:35:37 IST" duration-ms="131" status="PASS">
          <reporter-output>
          </reporter-output>
        </test-method> <!-- tearDown -->
      </class> <!-- testout.OutPut -->
    </test> <!-- onetest -->
  </suite> <!-- FirstTest -->
</testng-results>
