<?xml version="1.0" encoding="UTF-8"?>
<!-- Generated by org.testng.reporters.JUnitXMLReporter -->
<testsuite ignored="0" hostname="GovardhanReddy" failures="1" tests="1" name="testone" time="2.305" errors="0" timestamp="2022-08-20T09:53:02 IST">
  <testcase classname="regression.TestOut" name="doto" time="0.0">
    <failure type="java.lang.RuntimeException" message="java.lang.NullPointerException">
      <![CDATA[java.lang.RuntimeException: java.lang.NullPointerException
at java.base/java.util.ArrayList.forEach(ArrayList.java:1541)
Caused by: java.lang.NullPointerException
at utils.UtilKit.getData(UtilKit.java:32)
at regression.TestOut.getMe(TestOut.java:28)
... 25 more
... Removed 32 stack frames]]>
    </failure>
  </testcase> <!-- doto -->
</testsuite> <!-- testone -->
