<?xml version="1.0" encoding="UTF-8"?>
<testng-results ignored="0" total="3" passed="3" failed="0" skipped="0">
  <reporter-output>
  </reporter-output>
  <suite started-at="2022-08-19T14:01:01 IST" name="suiteone" finished-at="2022-08-19T14:01:40 IST" duration-ms="38313">
    <groups>
    </groups>
    <test started-at="2022-08-19T14:01:01 IST" name="testone" finished-at="2022-08-19T14:01:40 IST" duration-ms="38313">
      <class name="regression.TestOut">
        <test-method is-config="true" signature="setUp()[pri:0, instance:regression.TestOut@78830d9a]" started-at="2022-08-19T14:01:03 IST" name="setUp" finished-at="2022-08-19T14:01:10 IST" duration-ms="6567" status="PASS">
          <reporter-output>
          </reporter-output>
        </test-method> <!-- setUp -->
        <test-method signature="doto(java.lang.String,java.lang.String)[pri:0, instance:regression.TestOut@78830d9a]" started-at="2022-08-19T14:01:10 IST" name="doto" data-provider="getMe" finished-at="2022-08-19T14:01:10 IST" duration-ms="579" status="PASS">
          <params>
            <param index="0">
              <value>
                <![CDATA[govardhan]]>
              </value>
            </param>
            <param index="1">
              <value>
                <![CDATA[govardhank]]>
              </value>
            </param>
          </params>
          <reporter-output>
          </reporter-output>
        </test-method> <!-- doto -->
        <test-method is-config="true" signature="tearDown()[pri:0, instance:regression.TestOut@78830d9a]" started-at="2022-08-19T14:01:10 IST" name="tearDown" finished-at="2022-08-19T14:01:11 IST" duration-ms="142" status="PASS">
          <reporter-output>
          </reporter-output>
        </test-method> <!-- tearDown -->
        <test-method is-config="true" signature="setUp()[pri:0, instance:regression.TestOut@78830d9a]" started-at="2022-08-19T14:01:11 IST" name="setUp" finished-at="2022-08-19T14:01:20 IST" duration-ms="9197" status="PASS">
          <reporter-output>
          </reporter-output>
        </test-method> <!-- setUp -->
        <test-method signature="doto(java.lang.String,java.lang.String)[pri:0, instance:regression.TestOut@78830d9a]" started-at="2022-08-19T14:01:20 IST" name="doto" data-provider="getMe" finished-at="2022-08-19T14:01:21 IST" duration-ms="1623" status="PASS">
          <params>
            <param index="0">
              <value>
                <![CDATA[govardhan8]]>
              </value>
            </param>
            <param index="1">
              <value>
                <![CDATA[KGreddy88]]>
              </value>
            </param>
          </params>
          <reporter-output>
          </reporter-output>
        </test-method> <!-- doto -->
        <test-method is-config="true" signature="tearDown()[pri:0, instance:regression.TestOut@78830d9a]" started-at="2022-08-19T14:01:21 IST" name="tearDown" finished-at="2022-08-19T14:01:21 IST" duration-ms="127" status="PASS">
          <reporter-output>
          </reporter-output>
        </test-method> <!-- tearDown -->
        <test-method is-config="true" signature="setUp()[pri:0, instance:regression.TestOut@78830d9a]" started-at="2022-08-19T14:01:21 IST" name="setUp" finished-at="2022-08-19T14:01:39 IST" duration-ms="17582" status="PASS">
          <reporter-output>
          </reporter-output>
        </test-method> <!-- setUp -->
        <test-method signature="doto(java.lang.String,java.lang.String)[pri:0, instance:regression.TestOut@78830d9a]" started-at="2022-08-19T14:01:39 IST" name="doto" data-provider="getMe" finished-at="2022-08-19T14:01:40 IST" duration-ms="474" status="PASS">
          <params>
            <param index="0">
              <value>
                <![CDATA[govardhank]]>
              </value>
            </param>
            <param index="1">
              <value>
                <![CDATA[gova1234]]>
              </value>
            </param>
          </params>
          <reporter-output>
          </reporter-output>
        </test-method> <!-- doto -->
        <test-method is-config="true" signature="tearDown()[pri:0, instance:regression.TestOut@78830d9a]" started-at="2022-08-19T14:01:40 IST" name="tearDown" finished-at="2022-08-19T14:01:40 IST" duration-ms="132" status="PASS">
          <reporter-output>
          </reporter-output>
        </test-method> <!-- tearDown -->
      </class> <!-- regression.TestOut -->
    </test> <!-- testone -->
  </suite> <!-- suiteone -->
</testng-results>
