<?xml version="1.0" encoding="UTF-8"?>
<testng-results ignored="0" total="3" passed="3" failed="0" skipped="0">
  <reporter-output>
  </reporter-output>
  <suite started-at="2022-09-07T09:40:27 IST" name="FirstTest" finished-at="2022-09-07T09:40:52 IST" duration-ms="24242">
    <groups>
    </groups>
    <test started-at="2022-09-07T09:40:27 IST" name="onetest" finished-at="2022-09-07T09:40:52 IST" duration-ms="24242">
      <class name="testout.OutPut">
        <test-method is-config="true" signature="setUp()[pri:0, instance:testout.OutPut@5da7cee2]" started-at="2022-09-07T09:40:29 IST" name="setUp" finished-at="2022-09-07T09:40:37 IST" duration-ms="7655" status="PASS">
          <reporter-output>
          </reporter-output>
        </test-method> <!-- setUp -->
        <test-method signature="startMe(java.lang.String,java.lang.String)[pri:0, instance:testout.OutPut@5da7cee2]" started-at="2022-09-07T09:40:37 IST" name="startMe" data-provider="getme" finished-at="2022-09-07T09:40:38 IST" duration-ms="571" status="PASS">
          <params>
            <param index="0">
              <value>
                <![CDATA[govardhan]]>
              </value>
            </param>
            <param index="1">
              <value>
                <![CDATA[govardhank]]>
              </value>
            </param>
          </params>
          <reporter-output>
          </reporter-output>
        </test-method> <!-- startMe -->
        <test-method is-config="true" signature="tearDown()[pri:0, instance:testout.OutPut@5da7cee2]" started-at="2022-09-07T09:40:38 IST" name="tearDown" finished-at="2022-09-07T09:40:38 IST" duration-ms="123" status="PASS">
          <reporter-output>
          </reporter-output>
        </test-method> <!-- tearDown -->
        <test-method is-config="true" signature="setUp()[pri:0, instance:testout.OutPut@5da7cee2]" started-at="2022-09-07T09:40:38 IST" name="setUp" finished-at="2022-09-07T09:40:46 IST" duration-ms="8143" status="PASS">
          <reporter-output>
          </reporter-output>
        </test-method> <!-- setUp -->
        <test-method signature="startMe(java.lang.String,java.lang.String)[pri:0, instance:testout.OutPut@5da7cee2]" started-at="2022-09-07T09:40:46 IST" name="startMe" data-provider="getme" finished-at="2022-09-07T09:40:47 IST" duration-ms="1131" status="PASS">
          <params>
            <param index="0">
              <value>
                <![CDATA[govardhan8]]>
              </value>
            </param>
            <param index="1">
              <value>
                <![CDATA[KGreddy88]]>
              </value>
            </param>
          </params>
          <reporter-output>
          </reporter-output>
        </test-method> <!-- startMe -->
        <test-method is-config="true" signature="tearDown()[pri:0, instance:testout.OutPut@5da7cee2]" started-at="2022-09-07T09:40:47 IST" name="tearDown" finished-at="2022-09-07T09:40:47 IST" duration-ms="124" status="PASS">
          <reporter-output>
          </reporter-output>
        </test-method> <!-- tearDown -->
        <test-method is-config="true" signature="setUp()[pri:0, instance:testout.OutPut@5da7cee2]" started-at="2022-09-07T09:40:47 IST" name="setUp" finished-at="2022-09-07T09:40:51 IST" duration-ms="3937" status="PASS">
          <reporter-output>
          </reporter-output>
        </test-method> <!-- setUp -->
        <test-method signature="startMe(java.lang.String,java.lang.String)[pri:0, instance:testout.OutPut@5da7cee2]" started-at="2022-09-07T09:40:51 IST" name="startMe" data-provider="getme" finished-at="2022-09-07T09:40:52 IST" duration-ms="472" status="PASS">
          <params>
            <param index="0">
              <value>
                <![CDATA[govardhank]]>
              </value>
            </param>
            <param index="1">
              <value>
                <![CDATA[gova1234]]>
              </value>
            </param>
          </params>
          <reporter-output>
          </reporter-output>
        </test-method> <!-- startMe -->
        <test-method is-config="true" signature="tearDown()[pri:0, instance:testout.OutPut@5da7cee2]" started-at="2022-09-07T09:40:52 IST" name="tearDown" finished-at="2022-09-07T09:40:52 IST" duration-ms="140" status="PASS">
          <reporter-output>
          </reporter-output>
        </test-method> <!-- tearDown -->
      </class> <!-- testout.OutPut -->
    </test> <!-- onetest -->
  </suite> <!-- FirstTest -->
</testng-results>
